# JRE version: Java(TM) SE Runtime Environment (23.0.2+7) (build 23.0.2+7-58)
# Java VM: Java HotSpot(TM) 64-Bit Server VM (23.0.2+7-58, mixed mode, sharing, tiered, compressed oops, compressed class ptrs, g1 gc, windows-amd64)
GC Precious Log:
 CardTable entry size: 512
 Card Set container configuration: InlinePtr #cards 5 size 8 Array Of Cards #cards 10 size 36 Howl #buckets 4 coarsen threshold 1843 Howl Bitmap #cards 512 size 80 coarsen threshold 460 Card regions per heap region 1 cards per card region 2048
 CPUs: 12 total, 12 available
 Memory: 7488M
 Large Page Support: Disabled
 NUMA Support: Disabled
 Compressed Oops: Enabled (32-bit)
 Heap Region Size: 1M
 Heap Min Capacity: 8M
 Heap Initial Capacity: 118M
 Heap Max Capacity: 1874M
 Pre-touch: Disabled
 Parallel Workers: 10
 Concurrent Workers: 3
 Concurrent Refinement Workers: 10
 Periodic GC: Disabled
Heap:
 garbage-first heap   total reserved 1918976K, committed 160768K, used 133632K [0x000000008ae00000, 0x0000000100000000)
  region size 1024K, 1 young (1024K), 1 survivors (1024K)
 Metaspace       used 4891K, committed 5120K, reserved 1114112K
  class space    used 514K, committed 640K, reserved 1048576K
GC Heap History (20 events):
Event: 0.752 GC heap before
{Heap before GC invocations=2 (full 0):
 garbage-first heap   total reserved 1918976K, committed 120832K, used 64289K [0x000000008ae00000, 0x0000000100000000)
  region size 1024K, 14 young (14336K), 1 survivors (1024K)
 Metaspace       used 4876K, committed 5056K, reserved 1114112K
  class space    used 513K, committed 640K, reserved 1048576K
}
Event: 0.754 GC heap after
{Heap after GC invocations=3 (full 0):
 garbage-first heap   total reserved 1918976K, committed 120832K, used 52797K [0x000000008ae00000, 0x0000000100000000)
  region size 1024K, 1 young (1024K), 1 survivors (1024K)
 Metaspace       used 4876K, committed 5056K, reserved 1114112K
  class space    used 513K, committed 640K, reserved 1048576K
}
Event: 0.809 GC heap before
{Heap before GC invocations=3 (full 0):
 garbage-first heap   total reserved 1918976K, committed 120832K, used 56893K [0x000000008ae00000, 0x0000000100000000)
  region size 1024K, 4 young (4096K), 1 survivors (1024K)
 Metaspace       used 4884K, committed 5120K, reserved 1114112K
  class space    used 513K, committed 640K, reserved 1048576K
}
Event: 0.811 GC heap after
{Heap after GC invocations=4 (full 0):
 garbage-first heap   total reserved 1918976K, committed 120832K, used 54777K [0x000000008ae00000, 0x0000000100000000)
  region size 1024K, 1 young (1024K), 1 survivors (1024K)
 Metaspace       used 4884K, committed 5120K, reserved 1114112K
  class space    used 513K, committed 640K, reserved 1048576K
}
Event: 0.840 GC heap before
{Heap before GC invocations=5 (full 0):
 garbage-first heap   total reserved 1918976K, committed 120832K, used 71161K [0x000000008ae00000, 0x0000000100000000)
  region size 1024K, 10 young (10240K), 1 survivors (1024K)
 Metaspace       used 4884K, committed 5120K, reserved 1114112K
  class space    used 513K, committed 640K, reserved 1048576K
}
Event: 0.842 GC heap after
{Heap after GC invocations=6 (full 0):
 garbage-first heap   total reserved 1918976K, committed 120832K, used 62964K [0x000000008ae00000, 0x0000000100000000)
  region size 1024K, 1 young (1024K), 1 survivors (1024K)
 Metaspace       used 4884K, committed 5120K, reserved 1114112K
  class space    used 513K, committed 640K, reserved 1048576K
}
Event: 0.870 GC heap before
{Heap before GC invocations=7 (full 0):
 garbage-first heap   total reserved 1918976K, committed 120832K, used 67060K [0x000000008ae00000, 0x0000000100000000)
  region size 1024K, 4 young (4096K), 1 survivors (1024K)
 Metaspace       used 4884K, committed 5120K, reserved 1114112K
  class space    used 513K, committed 640K, reserved 1048576K
}
Event: 0.871 GC heap after
{Heap after GC invocations=8 (full 0):
 garbage-first heap   total reserved 1918976K, committed 120832K, used 64999K [0x000000008ae00000, 0x0000000100000000)
  region size 1024K, 1 young (1024K), 1 survivors (1024K)
 Metaspace       used 4884K, committed 5120K, reserved 1114112K
  class space    used 513K, committed 640K, reserved 1048576K
}
Event: 0.887 GC heap before
{Heap before GC invocations=9 (full 0):
 garbage-first heap   total reserved 1918976K, committed 120832K, used 71143K [0x000000008ae00000, 0x0000000100000000)
  region size 1024K, 5 young (5120K), 1 survivors (1024K)
 Metaspace       used 4884K, committed 5120K, reserved 1114112K
  class space    used 513K, committed 640K, reserved 1048576K
}
Event: 0.888 GC heap after
{Heap after GC invocations=10 (full 0):
 garbage-first heap   total reserved 1918976K, committed 145408K, used 68084K [0x000000008ae00000, 0x0000000100000000)
  region size 1024K, 1 young (1024K), 1 survivors (1024K)
 Metaspace       used 4884K, committed 5120K, reserved 1114112K
  class space    used 513K, committed 640K, reserved 1048576K
}
Event: 0.905 GC heap before
{Heap before GC invocations=11 (full 0):
 garbage-first heap   total reserved 1918976K, committed 145408K, used 72180K [0x000000008ae00000, 0x0000000100000000)
  region size 1024K, 4 young (4096K), 1 survivors (1024K)
 Metaspace       used 4884K, committed 5120K, reserved 1114112K
  class space    used 513K, committed 640K, reserved 1048576K
}
Event: 0.906 GC heap after
{Heap after GC invocations=12 (full 0):
 garbage-first heap   total reserved 1918976K, committed 145408K, used 70127K [0x000000008ae00000, 0x0000000100000000)
  region size 1024K, 1 young (1024K), 1 survivors (1024K)
 Metaspace       used 4884K, committed 5120K, reserved 1114112K
  class space    used 513K, committed 640K, reserved 1048576K
}
Event: 0.965 GC heap before
{Heap before GC invocations=13 (full 0):
 garbage-first heap   total reserved 1918976K, committed 145408K, used 92655K [0x000000008ae00000, 0x0000000100000000)
  region size 1024K, 13 young (13312K), 1 survivors (1024K)
 Metaspace       used 4884K, committed 5120K, reserved 1114112K
  class space    used 513K, committed 640K, reserved 1048576K
}
Event: 0.966 GC heap after
{Heap after GC invocations=14 (full 0):
 garbage-first heap   total reserved 1918976K, committed 145408K, used 81402K [0x000000008ae00000, 0x0000000100000000)
  region size 1024K, 1 young (1024K), 1 survivors (1024K)
 Metaspace       used 4884K, committed 5120K, reserved 1114112K
  class space    used 513K, committed 640K, reserved 1048576K
}
Event: 1.020 GC heap before
{Heap before GC invocations=15 (full 0):
 garbage-first heap   total reserved 1918976K, committed 145408K, used 85498K [0x000000008ae00000, 0x0000000100000000)
  region size 1024K, 4 young (4096K), 1 survivors (1024K)
 Metaspace       used 4891K, committed 5120K, reserved 1114112K
  class space    used 514K, committed 640K, reserved 1048576K
}
Event: 1.021 GC heap after
{Heap after GC invocations=16 (full 0):
 garbage-first heap   total reserved 1918976K, committed 145408K, used 83445K [0x000000008ae00000, 0x0000000100000000)
  region size 1024K, 1 young (1024K), 1 survivors (1024K)
 Metaspace       used 4891K, committed 5120K, reserved 1114112K
  class space    used 514K, committed 640K, reserved 1048576K
}
Event: 1.066 GC heap before
{Heap before GC invocations=17 (full 0):
 garbage-first heap   total reserved 1918976K, committed 157696K, used 101877K [0x000000008ae00000, 0x0000000100000000)
  region size 1024K, 11 young (11264K), 1 survivors (1024K)
 Metaspace       used 4891K, committed 5120K, reserved 1114112K
  class space    used 514K, committed 640K, reserved 1048576K
}
Event: 1.068 GC heap after
{Heap after GC invocations=18 (full 0):
 garbage-first heap   total reserved 1918976K, committed 157696K, used 92671K [0x000000008ae00000, 0x0000000100000000)
  region size 1024K, 1 young (1024K), 1 survivors (1024K)
 Metaspace       used 4891K, committed 5120K, reserved 1114112K
  class space    used 514K, committed 640K, reserved 1048576K
}
Event: 1.094 GC heap before
{Heap before GC invocations=19 (full 0):
 garbage-first heap   total reserved 1918976K, committed 160768K, used 96767K [0x000000008ae00000, 0x0000000100000000)
  region size 1024K, 4 young (4096K), 1 survivors (1024K)
 Metaspace       used 4891K, committed 5120K, reserved 1114112K
  class space    used 514K, committed 640K, reserved 1048576K
}
Event: 1.096 GC heap after
{Heap after GC invocations=20 (full 0):
 garbage-first heap   total reserved 1918976K, committed 160768K, used 94720K [0x000000008ae00000, 0x0000000100000000)
  region size 1024K, 1 young (1024K), 1 survivors (1024K)
 Metaspace       used 4891K, committed 5120K, reserved 1114112K
  class space    used 514K, committed 640K, reserved 1048576K
}

