# JRE version: Java(TM) SE Runtime Environment (23.0.2+7) (build 23.0.2+7-58)
# Java VM: Java HotSpot(TM) 64-Bit Server VM (23.0.2+7-58, mixed mode, sharing, tiered, compressed oops, compressed class ptrs, g1 gc, windows-amd64)
GC Precious Log:
 CardTable entry size: 512
 Card Set container configuration: InlinePtr #cards 5 size 8 Array Of Cards #cards 10 size 36 Howl #buckets 4 coarsen threshold 1843 Howl Bitmap #cards 512 size 80 coarsen threshold 460 Card regions per heap region 1 cards per card region 2048
 CPUs: 12 total, 12 available
 Memory: 7488M
 Large Page Support: Disabled
 NUMA Support: Disabled
 Compressed Oops: Enabled (32-bit)
 Heap Region Size: 1M
 Heap Min Capacity: 8M
 Heap Initial Capacity: 118M
 Heap Max Capacity: 1874M
 Pre-touch: Disabled
 Parallel Workers: 10
 Concurrent Workers: 3
 Concurrent Refinement Workers: 10
 Periodic GC: Disabled
Heap:
 garbage-first heap   total reserved 1918976K, committed 160768K, used 133707K [0x000000008ae00000, 0x0000000100000000)
  region size 1024K, 1 young (1024K), 1 survivors (1024K)
 Metaspace       used 4892K, committed 5120K, reserved 1114112K
  class space    used 514K, committed 640K, reserved 1048576K
GC Heap History (20 events):
Event: 0.756 GC heap before
{Heap before GC invocations=2 (full 0):
 garbage-first heap   total reserved 1918976K, committed 120832K, used 65503K [0x000000008ae00000, 0x0000000100000000)
  region size 1024K, 15 young (15360K), 1 survivors (1024K)
 Metaspace       used 4877K, committed 5056K, reserved 1114112K
  class space    used 513K, committed 640K, reserved 1048576K
}
Event: 0.758 GC heap after
{Heap after GC invocations=3 (full 0):
 garbage-first heap   total reserved 1918976K, committed 120832K, used 52898K [0x000000008ae00000, 0x0000000100000000)
  region size 1024K, 1 young (1024K), 1 survivors (1024K)
 Metaspace       used 4877K, committed 5056K, reserved 1114112K
  class space    used 513K, committed 640K, reserved 1048576K
}
Event: 0.817 GC heap before
{Heap before GC invocations=3 (full 0):
 garbage-first heap   total reserved 1918976K, committed 120832K, used 56994K [0x000000008ae00000, 0x0000000100000000)
  region size 1024K, 4 young (4096K), 1 survivors (1024K)
 Metaspace       used 4885K, committed 5120K, reserved 1114112K
  class space    used 513K, committed 640K, reserved 1048576K
}
Event: 0.818 GC heap after
{Heap after GC invocations=4 (full 0):
 garbage-first heap   total reserved 1918976K, committed 120832K, used 54848K [0x000000008ae00000, 0x0000000100000000)
  region size 1024K, 1 young (1024K), 1 survivors (1024K)
 Metaspace       used 4885K, committed 5120K, reserved 1114112K
  class space    used 513K, committed 640K, reserved 1048576K
}
Event: 0.847 GC heap before
{Heap before GC invocations=5 (full 0):
 garbage-first heap   total reserved 1918976K, committed 120832K, used 71232K [0x000000008ae00000, 0x0000000100000000)
  region size 1024K, 10 young (10240K), 1 survivors (1024K)
 Metaspace       used 4885K, committed 5120K, reserved 1114112K
  class space    used 513K, committed 640K, reserved 1048576K
}
Event: 0.849 GC heap after
{Heap after GC invocations=6 (full 0):
 garbage-first heap   total reserved 1918976K, committed 120832K, used 63040K [0x000000008ae00000, 0x0000000100000000)
  region size 1024K, 1 young (1024K), 1 survivors (1024K)
 Metaspace       used 4885K, committed 5120K, reserved 1114112K
  class space    used 513K, committed 640K, reserved 1048576K
}
Event: 0.879 GC heap before
{Heap before GC invocations=7 (full 0):
 garbage-first heap   total reserved 1918976K, committed 120832K, used 67136K [0x000000008ae00000, 0x0000000100000000)
  region size 1024K, 4 young (4096K), 1 survivors (1024K)
 Metaspace       used 4885K, committed 5120K, reserved 1114112K
  class space    used 513K, committed 640K, reserved 1048576K
}
Event: 0.880 GC heap after
{Heap after GC invocations=8 (full 0):
 garbage-first heap   total reserved 1918976K, committed 120832K, used 65072K [0x000000008ae00000, 0x0000000100000000)
  region size 1024K, 1 young (1024K), 1 survivors (1024K)
 Metaspace       used 4885K, committed 5120K, reserved 1114112K
  class space    used 513K, committed 640K, reserved 1048576K
}
Event: 0.896 GC heap before
{Heap before GC invocations=9 (full 0):
 garbage-first heap   total reserved 1918976K, committed 120832K, used 71216K [0x000000008ae00000, 0x0000000100000000)
  region size 1024K, 5 young (5120K), 1 survivors (1024K)
 Metaspace       used 4885K, committed 5120K, reserved 1114112K
  class space    used 513K, committed 640K, reserved 1048576K
}
Event: 0.898 GC heap after
{Heap after GC invocations=10 (full 0):
 garbage-first heap   total reserved 1918976K, committed 145408K, used 68155K [0x000000008ae00000, 0x0000000100000000)
  region size 1024K, 1 young (1024K), 1 survivors (1024K)
 Metaspace       used 4885K, committed 5120K, reserved 1114112K
  class space    used 513K, committed 640K, reserved 1048576K
}
Event: 0.916 GC heap before
{Heap before GC invocations=11 (full 0):
 garbage-first heap   total reserved 1918976K, committed 145408K, used 72251K [0x000000008ae00000, 0x0000000100000000)
  region size 1024K, 4 young (4096K), 1 survivors (1024K)
 Metaspace       used 4885K, committed 5120K, reserved 1114112K
  class space    used 513K, committed 640K, reserved 1048576K
}
Event: 0.917 GC heap after
{Heap after GC invocations=12 (full 0):
 garbage-first heap   total reserved 1918976K, committed 145408K, used 70200K [0x000000008ae00000, 0x0000000100000000)
  region size 1024K, 1 young (1024K), 1 survivors (1024K)
 Metaspace       used 4885K, committed 5120K, reserved 1114112K
  class space    used 513K, committed 640K, reserved 1048576K
}
Event: 0.979 GC heap before
{Heap before GC invocations=13 (full 0):
 garbage-first heap   total reserved 1918976K, committed 145408K, used 92728K [0x000000008ae00000, 0x0000000100000000)
  region size 1024K, 13 young (13312K), 1 survivors (1024K)
 Metaspace       used 4885K, committed 5120K, reserved 1114112K
  class space    used 513K, committed 640K, reserved 1048576K
}
Event: 0.981 GC heap after
{Heap after GC invocations=14 (full 0):
 garbage-first heap   total reserved 1918976K, committed 145408K, used 81475K [0x000000008ae00000, 0x0000000100000000)
  region size 1024K, 1 young (1024K), 1 survivors (1024K)
 Metaspace       used 4885K, committed 5120K, reserved 1114112K
  class space    used 513K, committed 640K, reserved 1048576K
}
Event: 1.036 GC heap before
{Heap before GC invocations=15 (full 0):
 garbage-first heap   total reserved 1918976K, committed 145408K, used 85571K [0x000000008ae00000, 0x0000000100000000)
  region size 1024K, 4 young (4096K), 1 survivors (1024K)
 Metaspace       used 4892K, committed 5120K, reserved 1114112K
  class space    used 514K, committed 640K, reserved 1048576K
}
Event: 1.037 GC heap after
{Heap after GC invocations=16 (full 0):
 garbage-first heap   total reserved 1918976K, committed 145408K, used 83518K [0x000000008ae00000, 0x0000000100000000)
  region size 1024K, 1 young (1024K), 1 survivors (1024K)
 Metaspace       used 4892K, committed 5120K, reserved 1114112K
  class space    used 514K, committed 640K, reserved 1048576K
}
Event: 1.068 GC heap before
{Heap before GC invocations=17 (full 0):
 garbage-first heap   total reserved 1918976K, committed 157696K, used 101950K [0x000000008ae00000, 0x0000000100000000)
  region size 1024K, 11 young (11264K), 1 survivors (1024K)
 Metaspace       used 4892K, committed 5120K, reserved 1114112K
  class space    used 514K, committed 640K, reserved 1048576K
}
Event: 1.069 GC heap after
{Heap after GC invocations=18 (full 0):
 garbage-first heap   total reserved 1918976K, committed 157696K, used 92740K [0x000000008ae00000, 0x0000000100000000)
  region size 1024K, 1 young (1024K), 1 survivors (1024K)
 Metaspace       used 4892K, committed 5120K, reserved 1114112K
  class space    used 514K, committed 640K, reserved 1048576K
}
Event: 1.097 GC heap before
{Heap before GC invocations=19 (full 0):
 garbage-first heap   total reserved 1918976K, committed 160768K, used 96836K [0x000000008ae00000, 0x0000000100000000)
  region size 1024K, 4 young (4096K), 1 survivors (1024K)
 Metaspace       used 4892K, committed 5120K, reserved 1114112K
  class space    used 514K, committed 640K, reserved 1048576K
}
Event: 1.098 GC heap after
{Heap after GC invocations=20 (full 0):
 garbage-first heap   total reserved 1918976K, committed 160768K, used 94795K [0x000000008ae00000, 0x0000000100000000)
  region size 1024K, 1 young (1024K), 1 survivors (1024K)
 Metaspace       used 4892K, committed 5120K, reserved 1114112K
  class space    used 514K, committed 640K, reserved 1048576K
}

